<?xml version="1.0" encoding="UTF-8"?>
<testng-results ignored="0" total="2" passed="2" failed="0" skipped="0">
  <reporter-output>
  </reporter-output>
  <suite started-at="2021-02-24T15:24:16Z" name="Suite" finished-at="2021-02-24T15:24:53Z" duration-ms="36857">
    <groups>
    </groups>
    <test started-at="2021-02-24T15:24:16Z" name="Test" finished-at="2021-02-24T15:24:53Z" duration-ms="36857">
      <class name="com.maven.testdata.Mavendemo">
        <test-method signature="Demotest()[pri:0, instance:com.maven.testdata.Mavendemo@327af41b]" started-at="2021-02-24T15:24:16Z" name="Demotest" finished-at="2021-02-24T15:24:41Z" duration-ms="24072" status="PASS">
          <reporter-output>
          </reporter-output>
        </test-method> <!-- Demotest -->
      </class> <!-- com.maven.testdata.Mavendemo -->
      <class name="com.maven.testdata.MavenFbDemo">
        <test-method signature="display()[pri:0, instance:com.maven.testdata.MavenFbDemo@6cb6decd]" started-at="2021-02-24T15:24:41Z" name="display" finished-at="2021-02-24T15:24:53Z" duration-ms="12732" status="PASS">
          <reporter-output>
          </reporter-output>
        </test-method> <!-- display -->
      </class> <!-- com.maven.testdata.MavenFbDemo -->
    </test> <!-- Test -->
  </suite> <!-- Suite -->
</testng-results>
